2025-05-15 20:00:08,447 - automate_newsletter       - INFO - Starting newsletter automation process
2025-05-15 20:00:08,448 - automate_newsletter       - INFO - Processing unsubscribes...
2025-05-15 20:00:08,448 - automate_newsletter       - INFO - Unsubscribe processing completed successfully
2025-05-15 20:00:08,448 - automate_newsletter       - INFO - Processing newsletter for date: 2025-05-15
2025-05-15 20:00:08,448 - automate_newsletter       - INFO - Starting newsletter generation...
2025-05-15 20:00:08,448 - newsletter_formatter      - INFO - Starting newsletter formatting...
2025-05-15 20:00:08,448 - file_utils                - INFO - Loaded JSON file from: src/outputs/newsletters/daily_morning/daily_morning_2025-05-15.json
2025-05-15 20:00:08,448 - newsletter_formatter      - INFO - Processing newsletter from src/outputs/newsletters/daily_morning/daily_morning_2025-05-15.json
2025-05-15 20:00:08,448 - newsletter_formatter      - INFO - Content keys: ['main_headline', 'summary', 'summary_urls', 'summary_impact', 'summary_impact_urls', 'key_events', 'domestic_news', 'foreign_news', 'business', 'famous_people', 'sports', 'arts', 'science', 'closing_summary']
2025-05-15 20:00:08,449 - newsletter_formatter      - INFO - Newsletter HTML formatting completed
2025-05-15 20:00:08,450 - file_utils                - INFO - Saved text file to: src/outputs/formatted_newsletters/daily_morning/daily_morning_2025-05-15.html
2025-05-15 20:00:08,450 - newsletter_formatter      - INFO - Formatted newsletter saved to: src/outputs/formatted_newsletters/daily_morning/daily_morning_2025-05-15.html
2025-05-15 20:00:08,450 - automate_newsletter       - INFO - Newsletter formatting completed successfully
2025-05-15 20:00:08,450 - automate_newsletter       - INFO - Updating index...
2025-05-15 20:00:08,450 - update_index              - INFO - Starting index update...
2025-05-15 20:00:08,451 - update_index              - INFO - Found 8 newsletter files
2025-05-15 20:00:08,452 - update_index              - INFO - Updated latest newsletter link for date: 2025-05-15
2025-05-15 20:00:08,452 - update_index              - INFO - Updated newsletter list with 8 entries
2025-05-15 20:00:08,453 - update_index              - INFO - Successfully wrote updated index.html
2025-05-15 20:00:08,453 - update_index              - INFO - Index update completed successfully
2025-05-15 20:00:08,453 - automate_newsletter       - INFO - Updating index completed successfully
2025-05-15 20:00:08,453 - automate_newsletter       - INFO - Sending newsletter...
2025-05-15 20:00:09,689 - send_newsletter           - INFO - Running in dev mode, using test email
2025-05-15 20:00:09,689 - send_newsletter           - INFO - Dev mode: Subscribers: ['Richard@styrksyn.is', 'karirogg@gmail.com', 'hallaemilia@gmail.com', 'valdi7913@gmail.com', 'jasonandrigislason@gmail.com']
2025-05-15 20:00:09,691 - file_utils                - INFO - Loaded text file from: src/outputs/formatted_newsletters/daily_morning/daily_morning_2025-05-15.html
2025-05-15 20:00:11,229 - send_newsletter           - INFO - Newsletter sent to mrbadboy0110@gmail.com
2025-05-15 20:00:11,275 - send_newsletter           - INFO - Newsletter sent to 1 subscribers
2025-05-15 20:00:11,276 - automate_newsletter       - INFO - Newsletter sending completed successfully
2025-05-15 20:00:11,276 - automate_newsletter       - INFO - Newsletter automation completed successfully
