2025-05-15 19:38:33,066 - automate_newsletter       - INFO - Starting newsletter automation process
2025-05-15 19:38:33,066 - automate_newsletter       - INFO - Processing unsubscribes...
2025-05-15 19:38:33,066 - automate_newsletter       - INFO - Unsubscribe processing completed successfully
2025-05-15 19:38:33,066 - automate_newsletter       - INFO - Processing newsletter for date: 2025-05-15
2025-05-15 19:38:33,066 - automate_newsletter       - INFO - Starting newsletter generation...
2025-05-15 19:38:33,067 - master_scraper            - INFO - Starting news scraper
2025-05-15 19:38:33,067 - master_scraper            - INFO - Scraping news for date: 2025-05-15
2025-05-15 19:38:33,067 - master_scraper            - INFO - Processing articles from visir
2025-05-15 19:38:33,745 - news_scraper_visir        - INFO - Retrieved 803 articles from visir RSS feed
2025-05-15 19:38:33,754 - news_scraper_visir        - INFO - Found 61 articles from visir for 2025-05-15
2025-05-15 19:38:33,755 - news_scraper_visir        - INFO - Processing article 1 of 61 from visir
2025-05-15 19:38:35,058 - news_scraper_visir        - INFO - Processing article 11 of 61 from visir
2025-05-15 19:38:36,404 - news_scraper_visir        - INFO - Processing article 21 of 61 from visir
2025-05-15 19:38:37,748 - news_scraper_visir        - INFO - Processing article 31 of 61 from visir
2025-05-15 19:38:39,139 - news_scraper_visir        - INFO - Processing article 41 of 61 from visir
2025-05-15 19:38:40,543 - news_scraper_visir        - INFO - Processing article 51 of 61 from visir
2025-05-15 19:38:41,871 - news_scraper_visir        - INFO - Processing article 61 of 61 from visir
2025-05-15 19:38:42,013 - news_scraper_visir        - INFO - Completed processing 61 articles from visir
2025-05-15 19:38:42,013 - master_scraper            - INFO - Successfully processed 61 articles from visir
2025-05-15 19:38:42,013 - master_scraper            - INFO - Processing articles from mbl
2025-05-15 19:38:44,475 - news_scraper_mbl          - INFO - Retrieved 455 articles from mbl RSS feed
2025-05-15 19:38:44,481 - news_scraper_mbl          - INFO - Found 128 articles from mbl for 2025-05-15
2025-05-15 19:38:44,481 - news_scraper_mbl          - INFO - Processing article 1 of 128 from mbl
2025-05-15 19:38:45,178 - news_scraper_mbl          - INFO - Processing article 11 of 128 from mbl
2025-05-15 19:38:45,856 - news_scraper_mbl          - INFO - Processing article 21 of 128 from mbl
2025-05-15 19:38:47,995 - news_scraper_mbl          - INFO - Processing article 31 of 128 from mbl
2025-05-15 19:38:57,053 - news_scraper_mbl          - INFO - Processing article 41 of 128 from mbl
2025-05-15 19:38:58,472 - news_scraper_mbl          - INFO - Processing article 51 of 128 from mbl
2025-05-15 19:39:00,499 - news_scraper_mbl          - INFO - Processing article 61 of 128 from mbl
2025-05-15 19:39:02,948 - news_scraper_mbl          - INFO - Processing article 71 of 128 from mbl
2025-05-15 19:39:08,275 - news_scraper_mbl          - INFO - Processing article 81 of 128 from mbl
2025-05-15 19:39:15,329 - news_scraper_mbl          - INFO - Processing article 91 of 128 from mbl
2025-05-15 19:39:15,550 - news_scraper_mbl          - WARNING - Failed to get content for article: Samfélagsmiðlar nötra eftir tilkynningu Laufeyjar: „Ég mun hágrenja“ from https://www.mbl.is/k100/frettir/2025/05/15/samfelagsmidlar_notra_eftir_tilkynningu_laufeyjar_e/
2025-05-15 19:39:15,630 - news_scraper_mbl          - WARNING - Failed to get content for article: Stuðlabandið kynnir þjóðhátíðarlagið 2025: „Við létum Herjólf bíða“ from https://www.mbl.is/k100/frettir/2025/05/15/studlabandid_kynnir_thjodhatidarlagid_2025_vid_letu/
2025-05-15 19:39:15,770 - news_scraper_mbl          - WARNING - Failed to get content for article: Saga Garðars hvorki nakin né í strigapoka: „Nekt er svo opið hugtak“ from https://www.mbl.is/k100/frettir/2025/05/15/saga_gardars_hvorki_nakin_ne_i_strigapoka_nekt_er_s/
2025-05-15 19:39:16,092 - news_scraper_mbl          - INFO - Processing article 101 of 128 from mbl
2025-05-15 19:39:16,627 - news_scraper_mbl          - WARNING - Failed to get content for article: Finna ástina með glærusýningu: „Við ákváðum að hugsa út fyrir kassann“ from https://www.mbl.is/k100/frettir/2025/05/15/finna_astina_med_glaerusyningu_vid_akvadum_ad_hugsa/
2025-05-15 19:39:16,704 - news_scraper_mbl          - WARNING - Failed to get content for article: Köttur í Bentley bjargaði málunum from https://www.mbl.is/k100/frettir/2025/05/15/kottur_i_bentley_bjargadi_malunum/
2025-05-15 19:39:17,025 - news_scraper_mbl          - WARNING - Failed to get content for article: Misheppnaðar friðarviðræður? from https://geiragustsson.blog.is/blog/geiragustsson/entry/2314117/
2025-05-15 19:39:17,181 - news_scraper_mbl          - WARNING - Failed to get content for article: Alzheimer – slæmar fréttir og góðar from https://theyjolfs.blog.is/blog/theyjolfs/entry/2314116/
2025-05-15 19:39:17,181 - news_scraper_mbl          - INFO - Processing article 111 of 128 from mbl
2025-05-15 19:39:17,396 - news_scraper_mbl          - WARNING - Failed to get content for article: Falsfréttamennska from https://frjalstland.blog.is/blog/frjalstland/entry/2314114/
2025-05-15 19:39:17,595 - news_scraper_mbl          - WARNING - Failed to get content for article: Óreiðuskoðun dagsins - 20250515 from https://gudjonelias.blog.is/blog/logostal/entry/2314113/
2025-05-15 19:39:18,187 - news_scraper_mbl          - WARNING - Failed to get content for article: Frú Sæland, frú Andersen - og síðust en ekki síst: Frú Ingveldur from https://joiragnars.blog.is/blog/joiragnars/entry/2314112/
2025-05-15 19:39:18,451 - news_scraper_mbl          - WARNING - Failed to get content for article: Signi á afmælisdag from https://helgiasmunds.blog.is/blog/helgiasmunds/entry/2314111/
2025-05-15 19:39:18,579 - news_scraper_mbl          - WARNING - Failed to get content for article: Vildi losna við Úlfar from https://stjornmalin.blog.is/blog/stjornmalin/entry/2314110/
2025-05-15 19:39:18,805 - news_scraper_mbl          - WARNING - Failed to get content for article: Aðeins á forsendum Viðreisnar from https://hughrif.blog.is/blog/hughrif/entry/2314109/
2025-05-15 19:39:18,982 - news_scraper_mbl          - WARNING - Failed to get content for article: "Allir vegir liggja til Rómar" (og nú til Brussel) from https://arnarthorjonsson.blog.is/blog/arnarthorjonsson/entry/2314108/
2025-05-15 19:39:19,199 - news_scraper_mbl          - WARNING - Failed to get content for article: Eru íslensk yfirvöld tilfinningalausar gyðinga- og Kanasleikjur? from https://tankur.blog.is/blog/tankur/entry/2314107/
2025-05-15 19:39:19,475 - news_scraper_mbl          - WARNING - Failed to get content for article: Bjóðum Trump til Íslands! from https://biggilofts.blog.is/blog/biggilofts/entry/2314087/
2025-05-15 19:39:19,781 - news_scraper_mbl          - WARNING - Failed to get content for article: Húsfyllir og varnaðarorð from https://heimssyn.blog.is/blog/heimssyn/entry/2314104/
2025-05-15 19:39:19,781 - news_scraper_mbl          - INFO - Processing article 121 of 128 from mbl
2025-05-15 19:39:20,238 - news_scraper_mbl          - WARNING - Failed to get content for article: Standard Ingu og Daða Más from https://bjorn.blog.is/blog/bjorn/entry/2314106/
2025-05-15 19:39:20,524 - news_scraper_mbl          - WARNING - Failed to get content for article: Trúin á sjálfstæði Íslands gæti verið að hverfa frá fólki, og sjálfstraust, í staðinn gæti verið að koma ótti við vald stofnana. Eða hefur eðli þjóðarinnar alltaf verið þannig? from https://ingolfursigurdsson.blog.is/blog/ingolfursigurdsson/entry/2314103/
2025-05-15 19:39:20,624 - news_scraper_mbl          - WARNING - Failed to get content for article: Vilja ekki sjá evruna from https://stjornmalin.blog.is/blog/stjornmalin/entry/2314102/
2025-05-15 19:39:21,174 - news_scraper_mbl          - WARNING - Failed to get content for article: ÞAÐ ÞARF AÐ VERA "FRIÐARVILJI" TIL STAÐAR HJÁ SELENSKÍ TIL AÐ PÚTIN SJÁI ÁSTÆÐU TIL AÐ MÆTA.... from https://johanneliasson.blog.is/blog/johanneliasson/entry/2314101/
2025-05-15 19:39:21,351 - news_scraper_mbl          - WARNING - Failed to get content for article: Sekt fyrir suma, sakleysi fyrir aðra: Tvöfaldir mælikvarðar í deilunni um Ísrael og Hamas from https://arnarfr.blog.is/blog/arnarfr/entry/2314079/
2025-05-15 19:39:21,798 - news_scraper_mbl          - WARNING - Failed to get content for article: Hafa stórveldi engar siðrænar viðmiðanir. from https://jonmagnusson.blog.is/blog/jonmagnusson/entry/2314100/
2025-05-15 19:39:22,450 - news_scraper_mbl          - WARNING - Failed to get content for article: Stríð framhald af pólitík, vígafriður í Úkraínu from https://pallvil.blog.is/blog/pall_vilhjalmsson/entry/2314097/
2025-05-15 19:39:23,808 - news_scraper_mbl          - WARNING - Failed to get content for article: Alma breytti dánarmeinaskráningum Þórólfs from https://theyjolfs.blog.is/blog/theyjolfs/entry/2314096/
2025-05-15 19:39:23,809 - news_scraper_mbl          - INFO - Completed processing 103 articles from mbl
2025-05-15 19:39:23,809 - master_scraper            - INFO - Successfully processed 103 articles from mbl
2025-05-15 19:39:23,809 - master_scraper            - INFO - Processing articles from vb
2025-05-15 19:39:24,847 - news_scraper_vb           - INFO - Retrieved 150 articles from vb RSS feed
2025-05-15 19:39:24,848 - news_scraper_vb           - INFO - Found 37 articles from vb for 2025-05-15
2025-05-15 19:39:24,848 - news_scraper_vb           - INFO - Processing article 1 of 37 from vb
2025-05-15 19:39:28,043 - news_scraper_vb           - INFO - Processing article 11 of 37 from vb
2025-05-15 19:39:32,238 - news_scraper_vb           - INFO - Processing article 21 of 37 from vb
2025-05-15 19:39:39,322 - news_scraper_vb           - INFO - Processing article 31 of 37 from vb
2025-05-15 19:39:42,450 - news_scraper_vb           - INFO - Completed processing 37 articles from vb
2025-05-15 19:39:42,450 - master_scraper            - INFO - Successfully processed 37 articles from vb
2025-05-15 19:39:42,450 - master_scraper            - INFO - Processing articles from ruv
2025-05-15 19:39:43,718 - news_scraper_ruv          - INFO - Retrieved 160 articles from ruv RSS feed
2025-05-15 19:39:43,720 - news_scraper_ruv          - INFO - Found 58 articles from ruv for 2025-05-15
2025-05-15 19:39:43,720 - news_scraper_ruv          - INFO - Processing article 1 of 58 from ruv
2025-05-15 19:39:45,345 - news_scraper_ruv          - WARNING - Failed to get content for article: Seinni undanúrslit Eurovision – Hver komast áfram í úrslit með VÆB? from https://nyr.ruv.is/frettir/menning-og-daegurmal/2025-05-15-seinni-undanurslit-eurovision-hver-komast-afram-i-urslit-med-vaeb-443743/
2025-05-15 19:39:46,312 - news_scraper_ruv          - WARNING - Failed to get content for article: Bikarvakt: Fram á góðri leið með að slá bikarmeistarana út from https://nyr.ruv.is/frettir/ithrottir/2025-05-15-bikarvakt-fram-a-godri-leid-med-ad-sla-bikarmeistarana-ut-443905/
2025-05-15 19:39:46,831 - news_scraper_ruv          - INFO - Processing article 11 of 58 from ruv
2025-05-15 19:39:49,763 - news_scraper_ruv          - INFO - Processing article 21 of 58 from ruv
2025-05-15 19:39:52,714 - news_scraper_ruv          - INFO - Processing article 31 of 58 from ruv
2025-05-15 19:39:55,728 - news_scraper_ruv          - INFO - Processing article 41 of 58 from ruv
2025-05-15 19:39:57,494 - news_scraper_ruv          - WARNING - Failed to get content for article: Friðarviðræður í Tyrklandi: Hvorki Pútín né Zelensky mæta from https://nyr.ruv.is/frettir/erlent/2025-05-15-fridarvidraedur-i-tyrklandi-hvorki-putin-ne-zelensky-maeta-443833/
2025-05-15 19:39:58,538 - news_scraper_ruv          - INFO - Processing article 51 of 58 from ruv
2025-05-15 19:40:00,874 - news_scraper_ruv          - INFO - Completed processing 55 articles from ruv
2025-05-15 19:40:00,875 - master_scraper            - INFO - Successfully processed 55 articles from ruv
2025-05-15 19:40:00,888 - scraper_utils             - INFO - Saved 256 articles to: src/outputs/news/json/news_articles_2025-05-15.json
2025-05-15 19:40:00,888 - master_scraper            - INFO - Successfully saved 256 articles to src/outputs/news/json/news_articles_2025-05-15.json
2025-05-15 19:40:00,888 - newsletter_formatter      - INFO - Starting newsletter formatting...
2025-05-15 19:40:00,889 - file_utils                - INFO - Loaded JSON file from: src/outputs/newsletters/daily_morning/daily_morning_2025-05-15.json
2025-05-15 19:40:00,890 - newsletter_formatter      - INFO - Processing newsletter from src/outputs/newsletters/daily_morning/daily_morning_2025-05-15.json
2025-05-15 19:40:00,890 - newsletter_formatter      - INFO - Content keys: ['main_headline', 'summary', 'summary_urls', 'summary_impact', 'summary_impact_urls', 'key_events', 'domestic_news', 'foreign_news', 'business', 'famous_people', 'sports', 'arts', 'science', 'closing_summary']
2025-05-15 19:40:00,890 - newsletter_formatter      - INFO - Newsletter HTML formatting completed
2025-05-15 19:40:00,893 - file_utils                - INFO - Saved text file to: src/outputs/formatted_newsletters/daily_morning/daily_morning_2025-05-15.html
2025-05-15 19:40:00,893 - newsletter_formatter      - INFO - Formatted newsletter saved to: src/outputs/formatted_newsletters/daily_morning/daily_morning_2025-05-15.html
2025-05-15 19:40:00,893 - automate_newsletter       - INFO - Newsletter formatting completed successfully
2025-05-15 19:40:00,893 - automate_newsletter       - INFO - Updating index...
2025-05-15 19:40:00,893 - update_index              - INFO - Starting index update...
2025-05-15 19:40:00,896 - update_index              - INFO - Found 8 newsletter files
2025-05-15 19:40:00,897 - update_index              - INFO - Updated latest newsletter link for date: 2025-05-15
2025-05-15 19:40:00,897 - update_index              - INFO - Updated newsletter list with 8 entries
2025-05-15 19:40:00,899 - update_index              - INFO - Successfully wrote updated index.html
2025-05-15 19:40:00,900 - update_index              - INFO - Index update completed successfully
2025-05-15 19:40:00,900 - automate_newsletter       - INFO - Updating index completed successfully
2025-05-15 19:40:00,900 - automate_newsletter       - INFO - Sending newsletter...
2025-05-15 19:40:00,900 - automate_newsletter       - INFO - Newsletter sending completed successfully
2025-05-15 19:40:00,900 - automate_newsletter       - INFO - Newsletter automation completed successfully
