2025-05-15 19:31:58,494 - automate_newsletter       - INFO - Starting newsletter automation process
2025-05-15 19:31:58,494 - automate_newsletter       - INFO - Processing unsubscribes...
2025-05-15 19:31:58,494 - automate_newsletter       - INFO - Unsubscribe processing completed successfully
2025-05-15 19:31:58,494 - automate_newsletter       - INFO - Processing newsletter for date: 2025-05-15
2025-05-15 19:31:58,494 - automate_newsletter       - INFO - Starting newsletter generation...
2025-05-15 19:31:58,495 - master_scraper            - INFO - Starting news scraper
2025-05-15 19:31:58,495 - master_scraper            - INFO - Scraping news for date: 2025-05-15
2025-05-15 19:31:58,495 - master_scraper            - INFO - Processing articles from visir
2025-05-15 19:31:59,107 - news_scraper_visir        - INFO - Retrieved 803 articles from visir RSS feed
2025-05-15 19:31:59,190 - news_scraper_visir        - INFO - Found 0 articles from visir for 2025-05-15
2025-05-15 19:31:59,190 - news_scraper_visir        - INFO - Completed processing 0 articles from visir
2025-05-15 19:31:59,190 - master_scraper            - WARNING - No articles found for visir
2025-05-15 19:31:59,190 - master_scraper            - INFO - Processing articles from mbl
2025-05-15 19:32:02,260 - news_scraper_mbl          - INFO - Retrieved 454 articles from mbl RSS feed
2025-05-15 19:32:02,293 - news_scraper_mbl          - INFO - Found 0 articles from mbl for 2025-05-15
2025-05-15 19:32:02,293 - news_scraper_mbl          - INFO - Completed processing 0 articles from mbl
2025-05-15 19:32:02,293 - master_scraper            - WARNING - No articles found for mbl
2025-05-15 19:32:02,293 - master_scraper            - INFO - Processing articles from vb
2025-05-15 19:32:03,542 - news_scraper_vb           - INFO - Retrieved 150 articles from vb RSS feed
2025-05-15 19:32:03,545 - news_scraper_vb           - INFO - Found 0 articles from vb for 2025-05-15
2025-05-15 19:32:03,545 - news_scraper_vb           - INFO - Completed processing 0 articles from vb
2025-05-15 19:32:03,545 - master_scraper            - WARNING - No articles found for vb
2025-05-15 19:32:03,545 - master_scraper            - INFO - Processing articles from ruv
2025-05-15 19:32:04,756 - news_scraper_ruv          - INFO - Retrieved 160 articles from ruv RSS feed
2025-05-15 19:32:04,841 - news_scraper_ruv          - INFO - Found 0 articles from ruv for 2025-05-15
2025-05-15 19:32:04,841 - news_scraper_ruv          - INFO - Completed processing 0 articles from ruv
2025-05-15 19:32:04,841 - master_scraper            - WARNING - No articles found for ruv
2025-05-15 19:32:04,841 - master_scraper            - WARNING - No articles were processed
2025-05-15 19:32:04,841 - automate_newsletter       - ERROR - Failed to scrape articles
