2025-05-17 03:39:12,118 - __main__                  - INFO - Starting newsletter automation pipeline
2025-05-17 03:39:12,118 - __main__                  - INFO - Process flags: {'unsubscribes': False, 'scraping': False, 'article_groups': False, 'total_generation': False, 'generation': False, 'matching': False, 'impacts': False, 'formatting': False, 'index_update': False, 'sending': True}
2025-05-17 03:39:12,118 - __main__                  - INFO - Step 1/6: Processing unsubscribes
2025-05-17 03:39:12,118 - process_unsubscribes      - INFO - Ignoring unsubscribe processing operation
2025-05-17 03:39:12,118 - __main__                  - INFO - ✓ Unsubscribe processing completed
2025-05-17 03:39:12,118 - __main__                  - INFO - Processing newsletter for date: 2025-05-16
2025-05-17 03:39:12,118 - __main__                  - INFO - Step 2/6: Starting news scraping
2025-05-17 03:39:12,119 - __main__                  - INFO - Running news scraper...
2025-05-17 03:39:12,119 - master_scraper            - INFO - Ignoring scraping operation
2025-05-17 03:39:12,119 - __main__                  - INFO - ✓ News scraping completed
2025-05-17 03:39:12,119 - __main__                  - INFO - Step 3/6: Processing article groups
2025-05-17 03:39:12,119 - article_group_processor   - INFO - Ignoring article group processing
2025-05-17 03:39:12,119 - __main__                  - INFO - ✓ Article group processing completed
2025-05-17 03:39:12,119 - __main__                  - INFO - Step 4/6: Starting newsletter processing
2025-05-17 03:39:12,144 - __main__                  - INFO - Running newsletter generator...
2025-05-17 03:39:12,144 - newsletter_generator      - INFO - Ignoring newsletter generation
2025-05-17 03:39:12,144 - __main__                  - INFO - ✓ Newsletter processing completed
2025-05-17 03:39:12,144 - __main__                  - INFO - Step 5/6: Formatting newsletter
2025-05-17 03:39:12,144 - newsletter_formatter      - INFO - Ignoring newsletter formatting operation
2025-05-17 03:39:12,144 - __main__                  - INFO - ✓ Newsletter formatting completed
2025-05-17 03:39:12,144 - __main__                  - INFO - Step 6/6: Updating newsletter index
2025-05-17 03:39:12,144 - update_index              - INFO - Ignoring index update operation
2025-05-17 03:39:12,144 - __main__                  - INFO - ✓ Index update completed
2025-05-17 03:39:12,144 - __main__                  - INFO - Step 7/7: Sending newsletter
2025-05-17 03:39:13,356 - send_newsletter           - INFO - Running in dev mode, using test email
2025-05-17 03:39:13,356 - send_newsletter           - INFO - Dev mode: Subscribers: ['Richard@styrksyn.is', 'karirogg@gmail.com', 'hallaemilia@gmail.com', 'valdi7913@gmail.com', 'jasonandrigislason@gmail.com']
2025-05-17 03:39:13,357 - file_handler              - INFO - Loaded file from: src/outputs/newsletters/formatted/newsletter_formatted_2025-05-16.html
2025-05-17 03:39:15,071 - send_newsletter           - INFO - Newsletter sent to mrbadboy0110@gmail.com
2025-05-17 03:39:15,142 - send_newsletter           - INFO - Newsletter sent to 1 subscribers
2025-05-17 03:39:15,143 - __main__                  - INFO - ✓ Newsletter sending completed
2025-05-17 03:39:15,143 - __main__                  - INFO - ✓ Newsletter automation pipeline completed successfully
