2025-05-15 21:24:00,763 - automate_newsletter       - INFO - Starting newsletter automation process
2025-05-15 21:24:00,763 - automate_newsletter       - INFO - Processing unsubscribes...
2025-05-15 21:24:00,763 - process_unsubscribes      - INFO - Ignoring unsubscribe processing operation
2025-05-15 21:24:00,763 - automate_newsletter       - INFO - Unsubscribe processing completed successfully
2025-05-15 21:24:00,763 - automate_newsletter       - INFO - Processing newsletter for date: 2025-05-15
2025-05-15 21:24:00,763 - automate_newsletter       - INFO - Starting newsletter generation...
2025-05-15 21:24:00,778 - master_scraper            - INFO - Ignoring scraping operation
2025-05-15 21:24:00,804 - file_utils                - INFO - Loaded JSON file from: src/outputs/news/json/news_articles_2025-05-15.json
2025-05-15 21:24:00,804 - file_utils                - INFO - Loaded 256 articles from src/outputs/news/json/news_articles_2025-05-15.json
2025-05-15 21:24:00,804 - newsletter_generator      - INFO - Ignoring newsletter generation
2025-05-15 21:24:00,804 - newsletter_generator      - INFO - Ignoring URL cleaning
2025-05-15 21:24:00,804 - newsletter_generator      - INFO - Ignoring impact insertion
2025-05-15 21:24:00,804 - newsletter_generator      - INFO - Ignoring URL cleaning
2025-05-15 21:24:00,804 - newsletter_formatter      - INFO - Ignoring newsletter formatting operation
2025-05-15 21:24:00,804 - automate_newsletter       - INFO - Newsletter formatting completed successfully
2025-05-15 21:24:00,804 - automate_newsletter       - INFO - Updating index...
2025-05-15 21:24:00,804 - update_index              - INFO - Ignoring index update operation
2025-05-15 21:24:00,804 - automate_newsletter       - INFO - Updating index completed successfully
2025-05-15 21:24:00,804 - automate_newsletter       - INFO - Sending newsletter...
2025-05-15 21:24:00,804 - send_newsletter           - INFO - Ignoring newsletter send operation
2025-05-15 21:24:00,804 - automate_newsletter       - INFO - Newsletter sending completed successfully
2025-05-15 21:24:00,804 - automate_newsletter       - INFO - Newsletter automation completed successfully
