2025-05-13 22:46:03,382 - automate_newsletter - INFO - Starting newsletter automation process
2025-05-13 22:46:03,383 - automate_newsletter - INFO - Processing unsubscribes...
2025-05-13 22:46:03,383 - process_unsubscribes - INFO - Starting unsubscribe processing...
2025-05-13 22:46:04,996 - process_unsubscribes - INFO - No unsubscribed emails to process
2025-05-13 22:46:04,996 - automate_newsletter - INFO - Unsubscribe processing completed successfully
2025-05-13 22:46:04,996 - automate_newsletter - INFO - Processing newsletter for date: 2025-05-12
2025-05-13 22:46:04,996 - automate_newsletter - INFO - Starting newsletter generation...
2025-05-13 22:46:04,996 - main - INFO - Starting newsletter formatter
2025-05-13 22:46:04,996 - main - INFO - Formatting daily_morning newsletter...
2025-05-13 22:46:04,998 - newsletter_formatter - INFO - Found keys in newsletter content: ['date', 'main_headline', 'summary', 'key_events', 'domestic_news', 'foreign_news', 'business', 'famous_people', 'sports', 'arts', 'science', 'closing_summary']
2025-05-13 22:46:04,998 - newsletter_formatter - INFO - Newsletter HTML formatting completed
2025-05-13 22:46:04,999 - newsletter_formatter - INFO - Saved formatted newsletter to: src/outputs/formatted_newsletters/daily_morning/daily_morning_2025-05-12.html
2025-05-13 22:46:04,999 - main - INFO - Formatted newsletter saved to: src/outputs/formatted_newsletters/daily_morning/daily_morning_2025-05-12.html
2025-05-13 22:46:04,999 - automate_newsletter - INFO - Newsletter generation completed successfully
2025-05-13 22:46:04,999 - automate_newsletter - INFO - Updating index...
2025-05-13 22:46:04,999 - update_index - INFO - Starting index update...
2025-05-13 22:46:05,002 - update_index - INFO - Found 5 newsletter files
2025-05-13 22:46:05,004 - update_index - INFO - Updated latest newsletter link for date: 2025-05-12
2025-05-13 22:46:05,005 - update_index - INFO - Updated newsletter list with 5 entries
2025-05-13 22:46:05,006 - update_index - INFO - Successfully wrote updated index.html
2025-05-13 22:46:05,006 - update_index - INFO - Index update completed successfully
2025-05-13 22:46:05,006 - automate_newsletter - INFO - Updating index completed successfully
2025-05-13 22:46:05,006 - automate_newsletter - INFO - Sending newsletter...
2025-05-13 22:46:06,832 - send_newsletter - INFO - Found newsletter file: src/outputs/formatted_newsletters/daily_morning/daily_morning_2025-05-12.html
2025-05-13 22:46:08,671 - send_newsletter - INFO - Newsletter sent to mrbadboy0110@gmail.com
2025-05-13 22:46:08,718 - send_newsletter - INFO - Newsletter sent to 1 subscribers
2025-05-13 22:46:08,718 - automate_newsletter - INFO - Newsletter sending completed successfully
2025-05-13 22:46:08,718 - automate_newsletter - INFO - Newsletter automation completed successfully
