2025-05-13 22:20:41,094 - automate_newsletter - INFO - Starting newsletter automation process
2025-05-13 22:20:41,094 - automate_newsletter - INFO - Processing unsubscribes...
2025-05-13 22:20:41,094 - process_unsubscribes - INFO - Starting unsubscribe processing...
2025-05-13 22:20:42,752 - process_unsubscribes - INFO - No unsubscribed emails to process
2025-05-13 22:20:42,752 - automate_newsletter - INFO - Unsubscribe processing completed successfully
2025-05-13 22:20:42,752 - automate_newsletter - INFO - Processing newsletter for date: 2025-05-12
2025-05-13 22:20:42,752 - automate_newsletter - INFO - Starting newsletter generation...
2025-05-13 22:20:42,753 - main - INFO - Starting newsletter generator
2025-05-13 22:20:42,753 - main - INFO - Generating daily_morning newsletter...
2025-05-13 22:20:42,753 - newsletter_generator - ERROR - No news file found for date: 2025-05-12
2025-05-13 22:20:42,753 - main - ERROR - No articles found for daily_morning newsletter
2025-05-13 22:20:42,754 - main - INFO - Starting newsletter formatter
2025-05-13 22:20:42,754 - main - INFO - Formatting daily_morning newsletter...
2025-05-13 22:20:42,754 - main - ERROR - Error formatting daily_morning newsletter: local variable 'input_file' referenced before assignment
2025-05-13 22:20:42,754 - automate_newsletter - INFO - Newsletter generation completed successfully
2025-05-13 22:20:42,754 - automate_newsletter - INFO - Updating index...
2025-05-13 22:20:42,754 - update_index - INFO - Starting index update...
2025-05-13 22:20:42,754 - update_index - INFO - Index update completed successfully
2025-05-13 22:20:42,754 - automate_newsletter - INFO - Updating index completed successfully
2025-05-13 22:20:42,754 - automate_newsletter - INFO - Sending newsletter...
2025-05-13 22:20:44,378 - newsletter - ERROR - Newsletters directory not found
2025-05-13 22:20:44,379 - newsletter - ERROR - No newsletter content found
2025-05-13 22:20:44,379 - automate_newsletter - INFO - Newsletter sending completed successfully
2025-05-13 22:20:44,379 - automate_newsletter - INFO - Newsletter automation completed successfully
