2025-05-15 19:33:09,610 - automate_newsletter       - INFO - Starting newsletter automation process
2025-05-15 19:33:09,610 - automate_newsletter       - INFO - Processing unsubscribes...
2025-05-15 19:33:09,610 - automate_newsletter       - INFO - Unsubscribe processing completed successfully
2025-05-15 19:33:09,610 - automate_newsletter       - INFO - Processing newsletter for date: 2025-05-15
2025-05-15 19:33:09,610 - automate_newsletter       - INFO - Starting newsletter generation...
2025-05-15 19:33:09,611 - master_scraper            - INFO - Starting news scraper
2025-05-15 19:33:09,611 - master_scraper            - INFO - Scraping news for date: 2025-05-15
2025-05-15 19:33:09,611 - master_scraper            - INFO - Processing articles from visir
2025-05-15 19:33:10,171 - news_scraper_visir        - INFO - Retrieved 803 articles from visir RSS feed
2025-05-15 19:33:10,182 - news_scraper_visir        - INFO - Found 0 articles from visir for 2025-05-15
2025-05-15 19:33:10,182 - news_scraper_visir        - INFO - Completed processing 0 articles from visir
2025-05-15 19:33:10,182 - master_scraper            - WARNING - No articles found for visir
2025-05-15 19:33:10,182 - master_scraper            - INFO - Processing articles from mbl
2025-05-15 19:33:12,077 - news_scraper_mbl          - INFO - Retrieved 454 articles from mbl RSS feed
2025-05-15 19:33:12,083 - news_scraper_mbl          - INFO - Found 0 articles from mbl for 2025-05-15
2025-05-15 19:33:12,083 - news_scraper_mbl          - INFO - Completed processing 0 articles from mbl
2025-05-15 19:33:12,083 - master_scraper            - WARNING - No articles found for mbl
2025-05-15 19:33:12,083 - master_scraper            - INFO - Processing articles from vb
2025-05-15 19:33:12,966 - news_scraper_vb           - INFO - Retrieved 150 articles from vb RSS feed
2025-05-15 19:33:12,968 - news_scraper_vb           - INFO - Found 0 articles from vb for 2025-05-15
2025-05-15 19:33:12,968 - news_scraper_vb           - INFO - Completed processing 0 articles from vb
2025-05-15 19:33:12,968 - master_scraper            - WARNING - No articles found for vb
2025-05-15 19:33:12,968 - master_scraper            - INFO - Processing articles from ruv
2025-05-15 19:33:14,271 - news_scraper_ruv          - INFO - Retrieved 160 articles from ruv RSS feed
2025-05-15 19:33:14,273 - news_scraper_ruv          - INFO - Found 0 articles from ruv for 2025-05-15
2025-05-15 19:33:14,273 - news_scraper_ruv          - INFO - Completed processing 0 articles from ruv
2025-05-15 19:33:14,273 - master_scraper            - WARNING - No articles found for ruv
2025-05-15 19:33:14,273 - master_scraper            - WARNING - No articles were processed
2025-05-15 19:33:14,273 - automate_newsletter       - ERROR - Failed to scrape articles
