2025-05-15 21:25:38,927 - automate_newsletter       - INFO - Starting newsletter automation process
2025-05-15 21:25:38,927 - automate_newsletter       - INFO - Processing unsubscribes...
2025-05-15 21:25:38,927 - process_unsubscribes      - INFO - Starting unsubscribe processing...
2025-05-15 21:25:40,305 - process_unsubscribes      - INFO - No unsubscribed emails to process
2025-05-15 21:25:40,305 - automate_newsletter       - INFO - Unsubscribe processing completed successfully
2025-05-15 21:25:40,305 - automate_newsletter       - INFO - Processing newsletter for date: 2025-05-15
2025-05-15 21:25:40,305 - automate_newsletter       - INFO - Starting newsletter generation...
2025-05-15 21:25:40,308 - master_scraper            - INFO - Ignoring scraping operation
2025-05-15 21:25:40,346 - file_utils                - INFO - Loaded JSON file from: src/outputs/news/json/news_articles_2025-05-15.json
2025-05-15 21:25:40,346 - file_utils                - INFO - Loaded 256 articles from src/outputs/news/json/news_articles_2025-05-15.json
2025-05-15 21:25:40,346 - newsletter_generator      - INFO - Ignoring newsletter generation
2025-05-15 21:25:40,346 - newsletter_generator      - INFO - Starting URL cleaning process for 2025-05-15
2025-05-15 21:25:40,347 - newsletter_generator      - INFO - Starting URL cleaning process
2025-05-15 21:25:44,647 - newsletter_generator      - INFO - Summary URLs: 8/10 valid URLs
2025-05-15 21:25:44,647 - newsletter_generator      - INFO - Summary impact URLs: 0/0 valid URLs
2025-05-15 21:25:45,096 - newsletter_generator      - INFO - Key events URLs: 9/9 valid URLs
2025-05-15 21:25:45,446 - newsletter_generator      - INFO - domestic_news URLs: 2/3 valid URLs
2025-05-15 21:25:46,089 - newsletter_generator      - INFO - foreign_news URLs: 0/2 valid URLs
2025-05-15 21:25:46,128 - newsletter_generator      - INFO - business URLs: 1/1 valid URLs
2025-05-15 21:25:46,295 - newsletter_generator      - INFO - famous_people URLs: 3/3 valid URLs
2025-05-15 21:25:48,349 - newsletter_generator      - INFO - sports URLs: 3/4 valid URLs
2025-05-15 21:25:48,514 - newsletter_generator      - INFO - arts URLs: 2/2 valid URLs
2025-05-15 21:25:49,297 - newsletter_generator      - INFO - science URLs: 0/3 valid URLs
2025-05-15 21:25:49,297 - newsletter_generator      - INFO - URL cleaning completed. Total: 28/37 valid URLs (75.7% valid)
2025-05-15 21:25:49,301 - newsletter_generator      - INFO - Successfully cleaned URLs in: src/outputs/newsletters/daily_morning/daily_morning_2025-05-15.json
2025-05-15 21:25:49,301 - newsletter_generator      - INFO - Ignoring impact insertion
2025-05-15 21:25:49,301 - newsletter_generator      - INFO - Starting URL cleaning process for 2025-05-15
2025-05-15 21:25:49,304 - newsletter_generator      - INFO - Starting URL cleaning process
2025-05-15 21:25:49,662 - newsletter_generator      - INFO - Summary URLs: 8/8 valid URLs
2025-05-15 21:25:49,663 - newsletter_generator      - INFO - Summary impact URLs: 0/0 valid URLs
2025-05-15 21:25:50,114 - newsletter_generator      - INFO - Key events URLs: 9/9 valid URLs
2025-05-15 21:25:50,222 - newsletter_generator      - INFO - domestic_news URLs: 2/2 valid URLs
2025-05-15 21:25:50,222 - newsletter_generator      - INFO - foreign_news URLs: 0/0 valid URLs
2025-05-15 21:25:50,262 - newsletter_generator      - INFO - business URLs: 1/1 valid URLs
2025-05-15 21:25:50,400 - newsletter_generator      - INFO - famous_people URLs: 3/3 valid URLs
2025-05-15 21:25:50,527 - newsletter_generator      - INFO - sports URLs: 3/3 valid URLs
2025-05-15 21:25:50,619 - newsletter_generator      - INFO - arts URLs: 2/2 valid URLs
2025-05-15 21:25:50,619 - newsletter_generator      - INFO - science URLs: 0/0 valid URLs
2025-05-15 21:25:50,619 - newsletter_generator      - INFO - URL cleaning completed. Total: 28/28 valid URLs (100.0% valid)
2025-05-15 21:25:50,620 - newsletter_generator      - INFO - Successfully cleaned URLs in: src/outputs/newsletters/daily_morning/daily_morning_2025-05-15.json
2025-05-15 21:25:50,620 - newsletter_formatter      - INFO - Ignoring newsletter formatting operation
2025-05-15 21:25:50,621 - automate_newsletter       - INFO - Newsletter formatting completed successfully
2025-05-15 21:25:50,621 - automate_newsletter       - INFO - Updating index...
2025-05-15 21:25:50,621 - update_index              - INFO - Starting index update...
2025-05-15 21:25:50,633 - update_index              - INFO - Found 8 newsletter files
2025-05-15 21:25:50,633 - update_index              - INFO - Updated latest newsletter link for date: 2025-05-15
2025-05-15 21:25:50,634 - update_index              - INFO - Updated newsletter list with 8 entries
2025-05-15 21:25:50,635 - update_index              - INFO - Successfully wrote updated index.html
2025-05-15 21:25:50,635 - update_index              - INFO - Index update completed successfully
2025-05-15 21:25:50,635 - automate_newsletter       - INFO - Updating index completed successfully
2025-05-15 21:25:50,635 - automate_newsletter       - INFO - Sending newsletter...
2025-05-15 21:25:50,635 - send_newsletter           - INFO - Ignoring newsletter send operation
2025-05-15 21:25:50,635 - automate_newsletter       - INFO - Newsletter sending completed successfully
2025-05-15 21:25:50,635 - automate_newsletter       - INFO - Newsletter automation completed successfully
