2025-05-17 09:54:48,672 - __main__                  - INFO - Starting newsletter automation pipeline
2025-05-17 09:54:48,672 - __main__                  - INFO - Process flags: {'unsubscribes': False, 'scraping': False, 'article_groups': False, 'total_generation': False, 'generation': False, 'matching': False, 'impacts': False, 'formatting': False, 'index_update': False, 'sending': True}
2025-05-17 09:54:48,672 - __main__                  - INFO - Step 1/6: Processing unsubscribes
2025-05-17 09:54:48,672 - process_unsubscribes      - INFO - Ignoring unsubscribe processing operation
2025-05-17 09:54:48,672 - __main__                  - INFO - ✓ Unsubscribe processing completed
2025-05-17 09:54:48,672 - __main__                  - INFO - Processing newsletter for date: 2025-05-16
2025-05-17 09:54:48,673 - __main__                  - INFO - Step 2/6: Starting news scraping
2025-05-17 09:54:48,673 - __main__                  - INFO - Running news scraper...
2025-05-17 09:54:48,673 - master_scraper            - INFO - Ignoring scraping operation
2025-05-17 09:54:48,673 - __main__                  - INFO - ✓ News scraping completed
2025-05-17 09:54:48,673 - __main__                  - INFO - Step 3/6: Processing article groups
2025-05-17 09:54:48,673 - article_group_processor   - INFO - Ignoring article group processing
2025-05-17 09:54:48,673 - __main__                  - INFO - ✓ Article group processing completed
2025-05-17 09:54:48,673 - __main__                  - INFO - Step 4/6: Starting newsletter processing
2025-05-17 09:54:48,697 - __main__                  - INFO - Running newsletter generator...
2025-05-17 09:54:48,697 - newsletter_generator      - INFO - Ignoring newsletter generation
2025-05-17 09:54:48,697 - __main__                  - INFO - ✓ Newsletter processing completed
2025-05-17 09:54:48,697 - __main__                  - INFO - Step 5/6: Formatting newsletter
2025-05-17 09:54:48,697 - newsletter_formatter      - INFO - Ignoring newsletter formatting operation
2025-05-17 09:54:48,697 - __main__                  - INFO - ✓ Newsletter formatting completed
2025-05-17 09:54:48,697 - __main__                  - INFO - Step 6/6: Updating newsletter index
2025-05-17 09:54:48,697 - update_index              - INFO - Ignoring index update operation
2025-05-17 09:54:48,697 - __main__                  - INFO - ✓ Index update completed
2025-05-17 09:54:48,697 - __main__                  - INFO - Step 7/7: Sending newsletter
2025-05-17 09:54:50,073 - file_handler              - INFO - Loaded file from: src/outputs/newsletters/formatted/newsletter_formatted_2025-05-16.html
2025-05-17 09:54:51,635 - send_newsletter           - INFO - Newsletter sent to Richard@styrksyn.is
2025-05-17 09:54:52,426 - send_newsletter           - INFO - Newsletter sent to karirogg@gmail.com
2025-05-17 09:54:53,213 - send_newsletter           - INFO - Newsletter sent to hallaemilia@gmail.com
2025-05-17 09:54:53,963 - send_newsletter           - INFO - Newsletter sent to valdi7913@gmail.com
2025-05-17 09:54:54,680 - send_newsletter           - INFO - Newsletter sent to jasonandrigislason@gmail.com
2025-05-17 09:54:54,728 - send_newsletter           - INFO - Newsletter sent to 5 subscribers
2025-05-17 09:54:54,729 - __main__                  - INFO - ✓ Newsletter sending completed
2025-05-17 09:54:54,730 - __main__                  - INFO - ✓ Newsletter automation pipeline completed successfully
