2025-05-19 22:50:39,334 - sentence_transformers.SentenceTransformer - INFO - Load pretrained SentenceTransformer: all-MiniLM-L6-v2
2025-05-19 22:50:40,859 - __main__                  - INFO - Starting newsletter automation pipeline
2025-05-19 22:50:40,859 - __main__                  - INFO - Process flags: {'unsubscribes': False, 'scraping': False, 'article_groups': False, 'total_generation': False, 'generation': False, 'matching': False, 'impacts': False, 'formatting': False, 'index_update': True, 'sending': False}
2025-05-19 22:50:40,860 - __main__                  - INFO - Step 1/6: Processing unsubscribes
2025-05-19 22:50:40,860 - process_unsubscribes      - INFO - Ignoring unsubscribe processing operation
2025-05-19 22:50:40,860 - __main__                  - INFO - ✓ Unsubscribe processing completed
2025-05-19 22:50:40,860 - __main__                  - INFO - Processing newsletter for date: 2025-05-19
2025-05-19 22:50:40,860 - __main__                  - INFO - Step 2/6: Starting news scraping
2025-05-19 22:50:40,860 - __main__                  - INFO - Running news scraper...
2025-05-19 22:50:40,861 - master_scraper            - INFO - Ignoring scraping operation
2025-05-19 22:50:40,861 - __main__                  - INFO - ✓ News scraping completed
2025-05-19 22:50:40,861 - __main__                  - INFO - Step 3/6: Processing article groups
2025-05-19 22:50:40,861 - article_group_processor   - INFO - Ignoring article group processing
2025-05-19 22:50:40,861 - __main__                  - INFO - ✓ Article group processing completed
2025-05-19 22:50:40,861 - __main__                  - INFO - Saving similarity logs...
2025-05-19 22:50:40,861 - base_similarity           - WARNING - No similarity calculations to save
2025-05-19 22:50:40,861 - __main__                  - INFO - ✓ Similarity logs saved
2025-05-19 22:50:40,861 - __main__                  - INFO - Step 4/6: Starting newsletter processing
2025-05-19 22:50:40,891 - __main__                  - INFO - Running newsletter generator...
2025-05-19 22:50:40,891 - newsletter_generator      - INFO - Ignoring newsletter generation
2025-05-19 22:50:40,892 - __main__                  - INFO - ✓ Newsletter processing completed
2025-05-19 22:50:40,892 - __main__                  - INFO - Step 5/6: Formatting newsletter
2025-05-19 22:50:40,892 - newsletter_formatter      - INFO - Ignoring newsletter formatting operation
2025-05-19 22:50:40,892 - __main__                  - INFO - ✓ Newsletter formatting completed
2025-05-19 22:50:40,892 - __main__                  - INFO - Step 6/6: Updating newsletter index
2025-05-19 22:50:40,892 - update_index              - INFO - Starting index update...
2025-05-19 22:50:40,894 - update_index              - INFO - Found 12 newsletter files
2025-05-19 22:50:40,894 - update_index              - INFO - Updated latest newsletter card for date: 2025-05-19
2025-05-19 22:50:40,898 - update_index              - INFO - Updated newsletter table with 12 entries
2025-05-19 22:50:40,900 - update_index              - INFO - Successfully wrote updated index.html
2025-05-19 22:50:40,901 - update_index              - INFO - Index update completed successfully
2025-05-19 22:50:40,901 - __main__                  - INFO - ✓ Index update completed
2025-05-19 22:50:40,901 - __main__                  - INFO - Step 7/7: Sending newsletter
2025-05-19 22:50:40,901 - send_newsletter           - INFO - Ignoring newsletter send operation
2025-05-19 22:50:40,901 - __main__                  - INFO - ✓ Newsletter sending completed
2025-05-19 22:50:40,901 - __main__                  - INFO - ✓ Newsletter automation pipeline completed successfully
