2025-05-15 17:53:43,195 - automate_newsletter       - INFO - Starting newsletter automation process
2025-05-15 17:53:43,195 - automate_newsletter       - INFO - Processing unsubscribes...
2025-05-15 17:53:43,195 - automate_newsletter       - INFO - Unsubscribe processing completed successfully
2025-05-15 17:53:43,195 - automate_newsletter       - INFO - Processing newsletter for date: 2025-05-15
2025-05-15 17:53:43,195 - automate_newsletter       - INFO - Starting newsletter generation...
2025-05-15 17:53:43,195 - main                      - INFO - Starting newsletter formatter
2025-05-15 17:53:43,195 - main                      - INFO - Formatting newsletter...
2025-05-15 17:53:43,196 - newsletter_formatter      - INFO - Found keys in newsletter content: ['main_headline', 'summary', 'summary_urls', 'summary_impact', 'summary_impact_urls', 'key_events', 'domestic_news', 'foreign_news', 'business', 'famous_people', 'sports', 'arts', 'science', 'closing_summary']
2025-05-15 17:53:43,196 - newsletter_formatter      - INFO - Newsletter HTML formatting completed
2025-05-15 17:53:43,197 - file_utils                - INFO - Saved text file to: src/outputs/formatted_newsletters/daily_morning/daily_morning_2025-05-15.html
2025-05-15 17:53:43,197 - main                      - INFO - Formatted newsletter saved to: src/outputs/formatted_newsletters/daily_morning/daily_morning_2025-05-15.html
2025-05-15 17:53:43,197 - automate_newsletter       - INFO - Newsletter generation completed successfully
2025-05-15 17:53:43,197 - automate_newsletter       - INFO - Updating index...
2025-05-15 17:53:43,197 - automate_newsletter       - INFO - Updating index completed successfully
2025-05-15 17:53:43,197 - automate_newsletter       - INFO - Sending newsletter...
2025-05-15 17:53:44,767 - send_newsletter           - INFO - Found newsletter file: src/outputs/formatted_newsletters/daily_morning/daily_morning_2025-05-15.html
2025-05-15 17:53:46,197 - send_newsletter           - INFO - Newsletter sent to mrbadboy0110@gmail.com
2025-05-15 17:53:46,244 - send_newsletter           - INFO - Newsletter sent to 1 subscribers
2025-05-15 17:53:46,245 - automate_newsletter       - INFO - Newsletter sending completed successfully
2025-05-15 17:53:46,245 - automate_newsletter       - INFO - Newsletter automation completed successfully
