2025-05-15 19:32:42,064 - automate_newsletter       - INFO - Starting newsletter automation process
2025-05-15 19:32:42,064 - automate_newsletter       - INFO - Processing unsubscribes...
2025-05-15 19:32:42,064 - automate_newsletter       - INFO - Unsubscribe processing completed successfully
2025-05-15 19:32:42,064 - automate_newsletter       - INFO - Processing newsletter for date: 2025-05-15
2025-05-15 19:32:42,064 - automate_newsletter       - INFO - Starting newsletter generation...
2025-05-15 19:32:42,065 - master_scraper            - INFO - Starting news scraper
2025-05-15 19:32:42,065 - master_scraper            - INFO - Scraping news for date: 2025-05-15
2025-05-15 19:32:42,065 - master_scraper            - INFO - Processing articles from visir
2025-05-15 19:32:42,670 - news_scraper_visir        - INFO - Retrieved 803 articles from visir RSS feed
2025-05-15 19:32:42,681 - master_scraper            - ERROR - Error processing visir: format_date() takes 2 positional arguments but 3 were given
2025-05-15 19:32:42,681 - master_scraper            - INFO - Processing articles from mbl
2025-05-15 19:32:44,243 - news_scraper_mbl          - INFO - Retrieved 454 articles from mbl RSS feed
2025-05-15 19:32:44,250 - master_scraper            - ERROR - Error processing mbl: format_date() takes 2 positional arguments but 3 were given
2025-05-15 19:32:44,250 - master_scraper            - INFO - Processing articles from vb
2025-05-15 19:32:45,329 - news_scraper_vb           - INFO - Retrieved 150 articles from vb RSS feed
2025-05-15 19:32:45,331 - master_scraper            - ERROR - Error processing vb: format_date() takes 2 positional arguments but 3 were given
2025-05-15 19:32:45,331 - master_scraper            - INFO - Processing articles from ruv
2025-05-15 19:32:46,547 - news_scraper_ruv          - INFO - Retrieved 160 articles from ruv RSS feed
2025-05-15 19:32:46,549 - master_scraper            - ERROR - Error processing ruv: format_date() takes 2 positional arguments but 3 were given
2025-05-15 19:32:46,549 - master_scraper            - WARNING - No articles were processed
2025-05-15 19:32:46,549 - automate_newsletter       - ERROR - Failed to scrape articles
