2025-05-11 19:01:06,215 - __main__ - INFO - Starting newsletter automation process
2025-05-11 19:01:06,215 - __main__ - INFO - Processing newsletter for date: 2025-05-10
2025-05-11 19:01:06,215 - __main__ - INFO - Running newsletter generation...
2025-05-11 19:01:06,697 - __main__ - ERROR - [newsletter generation] 2025-05-11 19:01:06,696 - INFO - Starting new run. Log file: logs/newsletter_20250511_190106.log
2025-05-11 19:01:06,698 - __main__ - ERROR - [newsletter generation] 2025-05-11 19:01:06,698 - INFO - Starting news scraping...
2025-05-11 19:01:06,698 - __main__ - ERROR - [newsletter generation] 2025-05-11 19:01:06,698 - INFO - Processing articles from visir...
2025-05-11 19:01:06,796 - __main__ - INFO - [newsletter generation] 
2025-05-11 19:01:06,806 - __main__ - ERROR - [newsletter generation] 
2025-05-11 19:01:07,938 - __main__ - ERROR - [newsletter generation] Processing articles:   0%|          | 0/83 [00:00<?, ?article/s]
2025-05-11 19:01:09,092 - __main__ - ERROR - [newsletter generation] Processing articles:   1%|          | 1/83 [00:01<01:32,  1.13s/article]
2025-05-11 19:01:10,252 - __main__ - INFO - [newsletter generation] Progress: Processing articles:   2%|▏         | 2/83 [00:02<01:32,  1.14s/article]
2025-05-11 19:01:11,438 - __main__ - INFO - [newsletter generation] Progress: Processing articles:   4%|▎         | 3/83 [00:03<01:32,  1.15s/article]
2025-05-11 19:01:12,623 - __main__ - INFO - [newsletter generation] Progress: Processing articles:   5%|▍         | 4/83 [00:04<01:32,  1.17s/article]
2025-05-11 19:01:13,924 - __main__ - INFO - [newsletter generation] Progress: Processing articles:   6%|▌         | 5/83 [00:05<01:31,  1.17s/article]
2025-05-11 19:01:15,045 - __main__ - INFO - [newsletter generation] Progress: Processing articles:   7%|▋         | 6/83 [00:07<01:33,  1.22s/article]
2025-05-11 19:01:16,200 - __main__ - INFO - [newsletter generation] Progress: Processing articles:   8%|▊         | 7/83 [00:08<01:30,  1.18s/article]
2025-05-11 19:01:17,383 - __main__ - INFO - [newsletter generation] Progress: Processing articles:  10%|▉         | 8/83 [00:09<01:28,  1.18s/article]
2025-05-11 19:01:18,576 - __main__ - INFO - [newsletter generation] Progress: Processing articles:  11%|█         | 9/83 [00:10<01:27,  1.18s/article]
2025-05-11 19:01:19,719 - __main__ - INFO - [newsletter generation] Progress: Processing articles:  12%|█▏        | 10/83 [00:11<01:26,  1.18s/article]
2025-05-11 19:01:20,871 - __main__ - INFO - [newsletter generation] Progress: Processing articles:  13%|█▎        | 11/83 [00:12<01:24,  1.17s/article]
2025-05-11 19:01:22,039 - __main__ - INFO - [newsletter generation] Progress: Processing articles:  14%|█▍        | 12/83 [00:14<01:22,  1.16s/article]
2025-05-11 19:01:23,171 - __main__ - INFO - [newsletter generation] Progress: Processing articles:  16%|█▌        | 13/83 [00:15<01:21,  1.17s/article]
2025-05-11 19:01:24,439 - __main__ - INFO - [newsletter generation] Progress: Processing articles:  17%|█▋        | 14/83 [00:16<01:19,  1.16s/article]
2025-05-11 19:01:25,566 - __main__ - INFO - [newsletter generation] Progress: Processing articles:  18%|█▊        | 15/83 [00:17<01:20,  1.19s/article]
2025-05-11 19:01:26,696 - __main__ - INFO - [newsletter generation] Progress: Processing articles:  19%|█▉        | 16/83 [00:18<01:18,  1.17s/article]
2025-05-11 19:01:27,841 - __main__ - INFO - [newsletter generation] Progress: Processing articles:  20%|██        | 17/83 [00:19<01:16,  1.16s/article]
2025-05-11 19:01:28,999 - __main__ - INFO - [newsletter generation] Progress: Processing articles:  22%|██▏       | 18/83 [00:21<01:15,  1.15s/article]
2025-05-11 19:01:30,175 - __main__ - INFO - [newsletter generation] Progress: Processing articles:  23%|██▎       | 19/83 [00:22<01:13,  1.16s/article]
2025-05-11 19:01:31,351 - __main__ - INFO - [newsletter generation] Progress: Processing articles:  24%|██▍       | 20/83 [00:23<01:13,  1.16s/article]
2025-05-11 19:01:32,507 - __main__ - INFO - [newsletter generation] Progress: Processing articles:  25%|██▌       | 21/83 [00:24<01:12,  1.17s/article]
2025-05-11 19:01:33,841 - __main__ - INFO - [newsletter generation] Progress: Processing articles:  27%|██▋       | 22/83 [00:25<01:10,  1.16s/article]
2025-05-11 19:01:35,003 - __main__ - INFO - [newsletter generation] Progress: Processing articles:  28%|██▊       | 23/83 [00:27<01:12,  1.21s/article]
2025-05-11 19:01:36,182 - __main__ - INFO - [newsletter generation] Progress: Processing articles:  29%|██▉       | 24/83 [00:28<01:10,  1.20s/article]
2025-05-11 19:01:37,376 - __main__ - INFO - [newsletter generation] Progress: Processing articles:  30%|███       | 25/83 [00:29<01:09,  1.19s/article]
2025-05-11 19:01:38,532 - __main__ - INFO - [newsletter generation] Progress: Processing articles:  31%|███▏      | 26/83 [00:30<01:08,  1.19s/article]
2025-05-11 19:01:39,698 - __main__ - INFO - [newsletter generation] Progress: Processing articles:  33%|███▎      | 27/83 [00:31<01:06,  1.18s/article]
2025-05-11 19:01:40,835 - __main__ - INFO - [newsletter generation] Progress: Processing articles:  34%|███▎      | 28/83 [00:32<01:04,  1.18s/article]
2025-05-11 19:01:41,970 - __main__ - INFO - [newsletter generation] Progress: Processing articles:  35%|███▍      | 29/83 [00:34<01:02,  1.17s/article]
2025-05-11 19:01:43,243 - __main__ - INFO - [newsletter generation] Progress: Processing articles:  36%|███▌      | 30/83 [00:35<01:01,  1.16s/article]
2025-05-11 19:01:44,413 - __main__ - INFO - [newsletter generation] Progress: Processing articles:  37%|███▋      | 31/83 [00:36<01:01,  1.19s/article]
2025-05-11 19:01:45,561 - __main__ - INFO - [newsletter generation] Progress: Processing articles:  39%|███▊      | 32/83 [00:37<01:00,  1.18s/article]
2025-05-11 19:01:46,742 - __main__ - INFO - [newsletter generation] Progress: Processing articles:  40%|███▉      | 33/83 [00:38<00:58,  1.17s/article]
2025-05-11 19:01:47,935 - __main__ - INFO - [newsletter generation] Progress: Processing articles:  41%|████      | 34/83 [00:39<00:57,  1.18s/article]
2025-05-11 19:01:49,120 - __main__ - INFO - [newsletter generation] Progress: Processing articles:  42%|████▏     | 35/83 [00:41<00:56,  1.18s/article]
2025-05-11 19:01:50,299 - __main__ - INFO - [newsletter generation] Progress: Processing articles:  43%|████▎     | 36/83 [00:42<00:55,  1.18s/article]
2025-05-11 19:01:51,433 - __main__ - INFO - [newsletter generation] Progress: Processing articles:  45%|████▍     | 37/83 [00:43<00:54,  1.18s/article]
2025-05-11 19:01:52,697 - __main__ - INFO - [newsletter generation] Progress: Processing articles:  46%|████▌     | 38/83 [00:44<00:52,  1.17s/article]
2025-05-11 19:01:53,873 - __main__ - INFO - [newsletter generation] Progress: Processing articles:  47%|████▋     | 39/83 [00:45<00:52,  1.20s/article]
2025-05-11 19:01:55,013 - __main__ - INFO - [newsletter generation] Progress: Processing articles:  48%|████▊     | 40/83 [00:47<00:51,  1.19s/article]
2025-05-11 19:01:56,151 - __main__ - INFO - [newsletter generation] Progress: Processing articles:  49%|████▉     | 41/83 [00:48<00:49,  1.18s/article]
2025-05-11 19:01:57,288 - __main__ - INFO - [newsletter generation] Progress: Processing articles:  51%|█████     | 42/83 [00:49<00:47,  1.16s/article]
2025-05-11 19:01:58,447 - __main__ - INFO - [newsletter generation] Progress: Processing articles:  52%|█████▏    | 43/83 [00:50<00:46,  1.16s/article]
2025-05-11 19:01:59,642 - __main__ - INFO - [newsletter generation] Progress: Processing articles:  53%|█████▎    | 44/83 [00:51<00:45,  1.16s/article]
2025-05-11 19:02:00,794 - __main__ - INFO - [newsletter generation] Progress: Processing articles:  54%|█████▍    | 45/83 [00:52<00:44,  1.17s/article]
2025-05-11 19:02:01,961 - __main__ - INFO - [newsletter generation] Progress: Processing articles:  55%|█████▌    | 46/83 [00:53<00:43,  1.16s/article]
2025-05-11 19:02:03,212 - __main__ - INFO - [newsletter generation] Progress: Processing articles:  57%|█████▋    | 47/83 [00:55<00:41,  1.16s/article]
2025-05-11 19:02:04,374 - __main__ - INFO - [newsletter generation] Progress: Processing articles:  58%|█████▊    | 48/83 [00:56<00:41,  1.19s/article]
2025-05-11 19:02:05,510 - __main__ - INFO - [newsletter generation] Progress: Processing articles:  59%|█████▉    | 49/83 [00:57<00:40,  1.18s/article]
2025-05-11 19:02:06,642 - __main__ - INFO - [newsletter generation] Progress: Processing articles:  60%|██████    | 50/83 [00:58<00:38,  1.17s/article]
2025-05-11 19:02:07,799 - __main__ - INFO - [newsletter generation] Progress: Processing articles:  61%|██████▏   | 51/83 [00:59<00:37,  1.16s/article]
2025-05-11 19:02:09,001 - __main__ - INFO - [newsletter generation] Progress: Processing articles:  63%|██████▎   | 52/83 [01:00<00:35,  1.16s/article]
2025-05-11 19:02:10,178 - __main__ - INFO - [newsletter generation] Progress: Processing articles:  64%|██████▍   | 53/83 [01:02<00:35,  1.17s/article]
2025-05-11 19:02:11,295 - __main__ - INFO - [newsletter generation] Progress: Processing articles:  65%|██████▌   | 54/83 [01:03<00:34,  1.17s/article]
2025-05-11 19:02:12,457 - __main__ - INFO - [newsletter generation] Progress: Processing articles:  66%|██████▋   | 55/83 [01:04<00:32,  1.16s/article]
2025-05-11 19:02:13,717 - __main__ - INFO - [newsletter generation] Progress: Processing articles:  67%|██████▋   | 56/83 [01:05<00:31,  1.16s/article]
2025-05-11 19:02:14,870 - __main__ - INFO - [newsletter generation] Progress: Processing articles:  69%|██████▊   | 57/83 [01:06<00:30,  1.19s/article]
2025-05-11 19:02:16,134 - __main__ - INFO - [newsletter generation] Progress: Processing articles:  70%|██████▉   | 58/83 [01:08<00:29,  1.18s/article]
2025-05-11 19:02:17,421 - __main__ - INFO - [newsletter generation] Progress: Processing articles:  71%|███████   | 59/83 [01:09<00:28,  1.20s/article]
2025-05-11 19:02:18,594 - __main__ - INFO - [newsletter generation] Progress: Processing articles:  72%|███████▏  | 60/83 [01:10<00:28,  1.23s/article]
2025-05-11 19:02:19,759 - __main__ - INFO - [newsletter generation] Progress: Processing articles:  73%|███████▎  | 61/83 [01:11<00:26,  1.21s/article]
2025-05-11 19:02:21,021 - __main__ - INFO - [newsletter generation] Progress: Processing articles:  75%|███████▍  | 62/83 [01:12<00:25,  1.20s/article]
2025-05-11 19:02:22,204 - __main__ - INFO - [newsletter generation] Progress: Processing articles:  76%|███████▌  | 63/83 [01:14<00:24,  1.22s/article]
2025-05-11 19:02:23,410 - __main__ - INFO - [newsletter generation] Progress: Processing articles:  77%|███████▋  | 64/83 [01:15<00:22,  1.21s/article]
2025-05-11 19:02:24,558 - __main__ - INFO - [newsletter generation] Progress: Processing articles:  78%|███████▊  | 65/83 [01:16<00:21,  1.21s/article]
2025-05-11 19:02:25,686 - __main__ - INFO - [newsletter generation] Progress: Processing articles:  80%|███████▉  | 66/83 [01:17<00:20,  1.19s/article]
2025-05-11 19:02:26,829 - __main__ - INFO - [newsletter generation] Progress: Processing articles:  81%|████████  | 67/83 [01:18<00:18,  1.17s/article]
2025-05-11 19:02:27,979 - __main__ - INFO - [newsletter generation] Progress: Processing articles:  82%|████████▏ | 68/83 [01:20<00:17,  1.16s/article]
2025-05-11 19:02:29,118 - __main__ - INFO - [newsletter generation] Progress: Processing articles:  83%|████████▎ | 69/83 [01:21<00:16,  1.16s/article]
2025-05-11 19:02:30,400 - __main__ - INFO - [newsletter generation] Progress: Processing articles:  84%|████████▍ | 70/83 [01:22<00:14,  1.15s/article]
2025-05-11 19:02:31,543 - __main__ - INFO - [newsletter generation] Progress: Processing articles:  86%|████████▌ | 71/83 [01:23<00:14,  1.19s/article]
2025-05-11 19:02:32,698 - __main__ - INFO - [newsletter generation] Progress: Processing articles:  87%|████████▋ | 72/83 [01:24<00:12,  1.18s/article]
2025-05-11 19:02:33,855 - __main__ - INFO - [newsletter generation] Progress: Processing articles:  88%|████████▊ | 73/83 [01:25<00:11,  1.17s/article]
2025-05-11 19:02:34,993 - __main__ - INFO - [newsletter generation] Progress: Processing articles:  89%|████████▉ | 74/83 [01:27<00:10,  1.17s/article]
2025-05-11 19:02:36,128 - __main__ - INFO - [newsletter generation] Progress: Processing articles:  90%|█████████ | 75/83 [01:28<00:09,  1.16s/article]
2025-05-11 19:02:37,260 - __main__ - INFO - [newsletter generation] Progress: Processing articles:  92%|█████████▏| 76/83 [01:29<00:08,  1.15s/article]
2025-05-11 19:02:38,460 - __main__ - INFO - [newsletter generation] Progress: Processing articles:  93%|█████████▎| 77/83 [01:30<00:06,  1.15s/article]
2025-05-11 19:02:39,607 - __main__ - INFO - [newsletter generation] Progress: Processing articles:  94%|█████████▍| 78/83 [01:31<00:05,  1.16s/article]
2025-05-11 19:02:40,882 - __main__ - INFO - [newsletter generation] Progress: Processing articles:  95%|█████████▌| 79/83 [01:32<00:04,  1.16s/article]
2025-05-11 19:02:42,031 - __main__ - INFO - [newsletter generation] Progress: Processing articles:  96%|█████████▋| 80/83 [01:34<00:03,  1.19s/article]
2025-05-11 19:02:43,191 - __main__ - INFO - [newsletter generation] Progress: Processing articles:  98%|█████████▊| 81/83 [01:35<00:02,  1.18s/article]
2025-05-11 19:02:44,358 - __main__ - INFO - [newsletter generation] Progress: Processing articles:  99%|█████████▉| 82/83 [01:36<00:01,  1.17s/article]
2025-05-11 19:02:44,359 - __main__ - INFO - [newsletter generation] Found 83 articles from visir for 2025-05-10
2025-05-11 19:02:44,359 - __main__ - INFO - [newsletter generation] Progress: Processing articles: 100%|██████████| 83/83 [01:37<00:00,  1.17s/article]
2025-05-11 19:02:44,359 - __main__ - INFO - [newsletter generation] 
2025-05-11 19:02:44,360 - __main__ - INFO - [newsletter generation] Progress: Processing articles: 100%|██████████| 83/83 [01:37<00:00,  1.18s/article]
2025-05-11 19:02:44,360 - __main__ - ERROR - [newsletter generation] 2025-05-11 19:02:44,358 - INFO - Processed 83 articles from visir
2025-05-11 19:02:48,470 - __main__ - INFO - [newsletter generation] Total articles processed: 83
2025-05-11 19:02:48,470 - __main__ - INFO - [newsletter generation] 
2025-05-11 19:02:48,470 - __main__ - ERROR - [newsletter generation] 2025-05-11 19:02:44,360 - INFO - Processing articles from mbl...
2025-05-11 19:02:48,470 - __main__ - ERROR - [newsletter generation] 
2025-05-11 19:02:49,587 - __main__ - ERROR - [newsletter generation] Processing articles:   0%|          | 0/91 [00:00<?, ?article/s]
2025-05-11 19:02:50,707 - __main__ - ERROR - [newsletter generation] Processing articles:   1%|          | 1/91 [00:01<01:40,  1.12s/article]
2025-05-11 19:02:51,809 - __main__ - INFO - [newsletter generation] Progress: Processing articles:   2%|▏         | 2/91 [00:02<01:39,  1.12s/article]
2025-05-11 19:02:52,905 - __main__ - INFO - [newsletter generation] Progress: Processing articles:   3%|▎         | 3/91 [00:03<01:37,  1.11s/article]
2025-05-11 19:02:54,016 - __main__ - INFO - [newsletter generation] Progress: Processing articles:   4%|▍         | 4/91 [00:04<01:36,  1.10s/article]
2025-05-11 19:02:56,748 - __main__ - INFO - [newsletter generation] Progress: Processing articles:   5%|▌         | 5/91 [00:05<01:35,  1.11s/article]
