2025-05-11 19:04:53,894 - __main__ - INFO - Starting newsletter automation process
2025-05-11 19:04:53,894 - __main__ - INFO - Processing newsletter for date: 2025-05-10
2025-05-11 19:04:53,894 - __main__ - INFO - Running newsletter generation...
2025-05-11 19:04:54,436 - __main__ - ERROR - [newsletter generation] Error: 2025-05-11 19:04:54,435 - INFO - Starting new run. Log file: logs/newsletter_20250511_190454.log
2025-05-11 19:04:54,437 - __main__ - ERROR - [newsletter generation] Error: 2025-05-11 19:04:54,437 - INFO - Starting news scraping...
2025-05-11 19:04:54,437 - __main__ - ERROR - [newsletter generation] Error: 2025-05-11 19:04:54,437 - INFO - Processing articles from visir...
2025-05-11 19:04:54,572 - __main__ - INFO - [newsletter generation] 
2025-05-11 19:04:54,572 - __main__ - INFO - [newsletter generation] Found 83 articles from visir for 2025-05-10
2025-05-11 19:04:54,579 - __main__ - ERROR - [newsletter generation] Error: 
2025-05-11 19:04:55,712 - __main__ - ERROR - [newsletter generation] Error: Processing articles:   0%|          | 0/83 [00:00<?, ?article/s]
2025-05-11 19:04:56,865 - __main__ - ERROR - [newsletter generation] Error: Processing articles:   1%|          | 1/83 [00:01<01:32,  1.13s/article]
2025-05-11 19:04:57,991 - __main__ - ERROR - [newsletter generation] Error: Processing articles:   2%|▏         | 2/83 [00:02<01:32,  1.14s/article]
2025-05-11 19:04:59,125 - __main__ - ERROR - [newsletter generation] Error: Processing articles:   4%|▎         | 3/83 [00:03<01:30,  1.14s/article]
2025-05-11 19:05:00,347 - __main__ - ERROR - [newsletter generation] Error: Processing articles:   5%|▍         | 4/83 [00:04<01:29,  1.13s/article]
2025-05-11 19:05:01,483 - __main__ - ERROR - [newsletter generation] Error: Processing articles:   6%|▌         | 5/83 [00:05<01:30,  1.17s/article]
2025-05-11 19:05:02,616 - __main__ - ERROR - [newsletter generation] Error: Processing articles:   7%|▋         | 6/83 [00:06<01:29,  1.16s/article]
2025-05-11 19:05:03,729 - __main__ - ERROR - [newsletter generation] Error: Processing articles:   8%|▊         | 7/83 [00:08<01:27,  1.15s/article]
2025-05-11 19:05:04,869 - __main__ - ERROR - [newsletter generation] Error: Processing articles:  10%|▉         | 8/83 [00:09<01:25,  1.14s/article]
2025-05-11 19:05:06,028 - __main__ - ERROR - [newsletter generation] Error: Processing articles:  11%|█         | 9/83 [00:10<01:24,  1.14s/article]
2025-05-11 19:05:07,198 - __main__ - ERROR - [newsletter generation] Error: Processing articles:  12%|█▏        | 10/83 [00:11<01:23,  1.14s/article]
2025-05-11 19:05:08,366 - __main__ - ERROR - [newsletter generation] Error: Processing articles:  13%|█▎        | 11/83 [00:12<01:22,  1.15s/article]
2025-05-11 19:05:09,498 - __main__ - ERROR - [newsletter generation] Error: Processing articles:  14%|█▍        | 12/83 [00:13<01:22,  1.16s/article]
2025-05-11 19:05:10,673 - __main__ - ERROR - [newsletter generation] Error: Processing articles:  16%|█▌        | 13/83 [00:14<01:20,  1.15s/article]
2025-05-11 19:05:11,901 - __main__ - ERROR - [newsletter generation] Error: Processing articles:  17%|█▋        | 14/83 [00:16<01:19,  1.16s/article]
2025-05-11 19:05:13,020 - __main__ - ERROR - [newsletter generation] Error: Processing articles:  18%|█▊        | 15/83 [00:17<01:20,  1.18s/article]
