2025-05-11 18:59:05,698 - __main__ - INFO - Starting newsletter automation process
2025-05-11 18:59:05,698 - __main__ - INFO - Processing newsletter for date: 2025-05-10
2025-05-11 18:59:05,698 - __main__ - INFO - Running newsletter generation...
2025-05-11 18:59:06,163 - __main__ - ERROR - [newsletter generation] 2025-05-11 18:59:06,162 - INFO - Starting new run. Log file: logs/newsletter_20250511_185906.log
2025-05-11 18:59:06,164 - __main__ - ERROR - [newsletter generation] 2025-05-11 18:59:06,164 - INFO - Starting news scraping...
2025-05-11 18:59:06,164 - __main__ - ERROR - [newsletter generation] 2025-05-11 18:59:06,164 - INFO - Processing articles from visir...
2025-05-11 18:59:06,290 - __main__ - INFO - [newsletter generation] 
2025-05-11 18:59:06,298 - __main__ - ERROR - [newsletter generation] 
2025-05-11 18:59:07,493 - __main__ - ERROR - [newsletter generation] Processing articles:   0%|          | 0/83 [00:00<?, ?article/s]
2025-05-11 18:59:08,685 - __main__ - ERROR - [newsletter generation] Processing articles:   1%|          | 1/83 [00:01<01:37,  1.19s/article]
2025-05-11 18:59:09,883 - __main__ - ERROR - [newsletter generation] Processing articles:   2%|▏         | 2/83 [00:02<01:36,  1.19s/article]
2025-05-11 18:59:11,045 - __main__ - ERROR - [newsletter generation] Processing articles:   4%|▎         | 3/83 [00:03<01:35,  1.20s/article]
2025-05-11 18:59:12,306 - __main__ - ERROR - [newsletter generation] Processing articles:   5%|▍         | 4/83 [00:04<01:33,  1.18s/article]
2025-05-11 18:59:13,492 - __main__ - ERROR - [newsletter generation] Processing articles:   6%|▌         | 5/83 [00:06<01:34,  1.21s/article]
2025-05-11 18:59:14,663 - __main__ - ERROR - [newsletter generation] Processing articles:   7%|▋         | 6/83 [00:07<01:32,  1.20s/article]
2025-05-11 18:59:15,824 - __main__ - ERROR - [newsletter generation] Processing articles:   8%|▊         | 7/83 [00:08<01:30,  1.19s/article]
2025-05-11 18:59:17,072 - __main__ - ERROR - [newsletter generation] Processing articles:  10%|▉         | 8/83 [00:09<01:28,  1.18s/article]
2025-05-11 18:59:18,213 - __main__ - ERROR - [newsletter generation] Processing articles:  11%|█         | 9/83 [00:10<01:29,  1.20s/article]
2025-05-11 18:59:19,354 - __main__ - ERROR - [newsletter generation] Processing articles:  12%|█▏        | 10/83 [00:11<01:26,  1.18s/article]
2025-05-11 18:59:20,581 - __main__ - ERROR - [newsletter generation] Processing articles:  13%|█▎        | 11/83 [00:13<01:24,  1.17s/article]
2025-05-11 18:59:21,720 - __main__ - ERROR - [newsletter generation] Processing articles:  14%|█▍        | 12/83 [00:14<01:24,  1.19s/article]
2025-05-11 18:59:22,862 - __main__ - ERROR - [newsletter generation] Processing articles:  16%|█▌        | 13/83 [00:15<01:22,  1.17s/article]
2025-05-11 18:59:24,107 - __main__ - ERROR - [newsletter generation] Processing articles:  17%|█▋        | 14/83 [00:16<01:20,  1.16s/article]
2025-05-11 18:59:25,261 - __main__ - ERROR - [newsletter generation] Processing articles:  18%|█▊        | 15/83 [00:17<01:20,  1.19s/article]
2025-05-11 18:59:26,427 - __main__ - ERROR - [newsletter generation] Processing articles:  19%|█▉        | 16/83 [00:18<01:18,  1.18s/article]
2025-05-11 18:59:27,611 - __main__ - ERROR - [newsletter generation] Processing articles:  20%|██        | 17/83 [00:20<01:17,  1.17s/article]
2025-05-11 18:59:28,790 - __main__ - ERROR - [newsletter generation] Processing articles:  22%|██▏       | 18/83 [00:21<01:16,  1.18s/article]
2025-05-11 18:59:30,026 - __main__ - ERROR - [newsletter generation] Processing articles:  23%|██▎       | 19/83 [00:22<01:15,  1.18s/article]
2025-05-11 18:59:31,209 - __main__ - ERROR - [newsletter generation] Processing articles:  24%|██▍       | 20/83 [00:23<01:15,  1.20s/article]
2025-05-11 18:59:32,398 - __main__ - ERROR - [newsletter generation] Processing articles:  25%|██▌       | 21/83 [00:24<01:13,  1.19s/article]
2025-05-11 18:59:33,634 - __main__ - ERROR - [newsletter generation] Processing articles:  27%|██▋       | 22/83 [00:26<01:12,  1.19s/article]
2025-05-11 18:59:34,965 - __main__ - ERROR - [newsletter generation] Processing articles:  28%|██▊       | 23/83 [00:27<01:12,  1.20s/article]
2025-05-11 18:59:36,510 - __main__ - ERROR - [newsletter generation] Processing articles:  29%|██▉       | 24/83 [00:28<01:13,  1.24s/article]
2025-05-11 18:59:37,718 - __main__ - ERROR - [newsletter generation] Processing articles:  30%|███       | 25/83 [00:30<01:17,  1.33s/article]
2025-05-11 18:59:38,914 - __main__ - ERROR - [newsletter generation] Processing articles:  31%|███▏      | 26/83 [00:31<01:13,  1.30s/article]
2025-05-11 18:59:40,153 - __main__ - ERROR - [newsletter generation] Processing articles:  33%|███▎      | 27/83 [00:32<01:10,  1.27s/article]
2025-05-11 18:59:41,320 - __main__ - ERROR - [newsletter generation] Processing articles:  34%|███▎      | 28/83 [00:33<01:09,  1.26s/article]
2025-05-11 18:59:42,461 - __main__ - ERROR - [newsletter generation] Processing articles:  35%|███▍      | 29/83 [00:35<01:06,  1.23s/article]
2025-05-11 18:59:43,747 - __main__ - ERROR - [newsletter generation] Processing articles:  36%|███▌      | 30/83 [00:36<01:03,  1.20s/article]
2025-05-11 18:59:44,919 - __main__ - ERROR - [newsletter generation] Processing articles:  37%|███▋      | 31/83 [00:37<01:03,  1.23s/article]
2025-05-11 18:59:46,101 - __main__ - ERROR - [newsletter generation] Processing articles:  39%|███▊      | 32/83 [00:38<01:01,  1.21s/article]
2025-05-11 18:59:47,291 - __main__ - ERROR - [newsletter generation] Processing articles:  40%|███▉      | 33/83 [00:39<01:00,  1.20s/article]
2025-05-11 18:59:48,465 - __main__ - ERROR - [newsletter generation] Processing articles:  41%|████      | 34/83 [00:40<00:58,  1.20s/article]
2025-05-11 18:59:49,624 - __main__ - ERROR - [newsletter generation] Processing articles:  42%|████▏     | 35/83 [00:42<00:57,  1.19s/article]
2025-05-11 18:59:50,780 - __main__ - ERROR - [newsletter generation] Processing articles:  43%|████▎     | 36/83 [00:43<00:55,  1.18s/article]
2025-05-11 18:59:51,971 - __main__ - ERROR - [newsletter generation] Processing articles:  45%|████▍     | 37/83 [00:44<00:53,  1.17s/article]
2025-05-11 18:59:53,203 - __main__ - ERROR - [newsletter generation] Processing articles:  46%|████▌     | 38/83 [00:45<00:53,  1.18s/article]
2025-05-11 18:59:54,397 - __main__ - ERROR - [newsletter generation] Processing articles:  47%|████▋     | 39/83 [00:46<00:52,  1.19s/article]
2025-05-11 18:59:55,539 - __main__ - ERROR - [newsletter generation] Processing articles:  48%|████▊     | 40/83 [00:48<00:51,  1.20s/article]
2025-05-11 18:59:56,728 - __main__ - ERROR - [newsletter generation] Processing articles:  49%|████▉     | 41/83 [00:49<00:49,  1.18s/article]
2025-05-11 18:59:57,906 - __main__ - ERROR - [newsletter generation] Processing articles:  51%|█████     | 42/83 [00:50<00:48,  1.18s/article]
2025-05-11 18:59:59,078 - __main__ - ERROR - [newsletter generation] Processing articles:  52%|█████▏    | 43/83 [00:51<00:47,  1.18s/article]
2025-05-11 19:00:00,254 - __main__ - ERROR - [newsletter generation] Processing articles:  53%|█████▎    | 44/83 [00:52<00:45,  1.18s/article]
